FALLBACK - test - Message 0
FALLBACK - root - Message 0
FALLBACK - test - Message 1
FALLBACK - root - Message 1
FALLBACK - test - Message 2
FALLBACK - root - Message 2
FALLBACK - test - Message 3
FALLBACK - root - Message 3
FALLBACK - test - Message 4
FALLBACK - root - Message 4
FALLBACK - test - Message 5
java.lang.Exception: Just testing
	at org.apache.log4j.varia.ErrorHandlerTestCase.common(ErrorHandlerTestCase.java:XXX)
	at org.apache.log4j.varia.ErrorHandlerTestCase.test1(ErrorHandlerTestCase.java:XXX)
	at junit.framework.TestCase.runTest(TestCase.java:XXX)
	at junit.framework.TestCase.runBare(TestCase.java:XXX)
	at junit.framework.TestResult$1.protect(TestResult.java:XXX)
	at junit.framework.TestResult.runProtected(TestResult.java:XXX)
	at junit.framework.TestResult.run(TestResult.java:XXX)
	at junit.framework.TestCase.run(TestCase.java:XXX)
	at junit.framework.TestSuite.runTest(TestSuite.java:XXX)
	at junit.framework.TestSuite.run(TestSuite.java:XXX)
FALLBACK - root - Message 5
java.lang.Exception: Just testing
	at org.apache.log4j.varia.ErrorHandlerTestCase.common(ErrorHandlerTestCase.java:XXX)
	at org.apache.log4j.varia.ErrorHandlerTestCase.test1(ErrorHandlerTestCase.java:XXX)
	at junit.framework.TestCase.runTest(TestCase.java:XXX)
	at junit.framework.TestCase.runBare(TestCase.java:XXX)
	at junit.framework.TestResult$1.protect(TestResult.java:XXX)
	at junit.framework.TestResult.runProtected(TestResult.java:XXX)
	at junit.framework.TestResult.run(TestResult.java:XXX)
	at junit.framework.TestCase.run(TestCase.java:XXX)
	at junit.framework.TestSuite.runTest(TestSuite.java:XXX)
	at junit.framework.TestSuite.run(TestSuite.java:XXX)
FALLBACK - test - Message 6
java.lang.Exception: Just testing
	at org.apache.log4j.varia.ErrorHandlerTestCase.common(ErrorHandlerTestCase.java:XXX)
	at org.apache.log4j.varia.ErrorHandlerTestCase.test1(ErrorHandlerTestCase.java:XXX)
	at junit.framework.TestCase.runTest(TestCase.java:XXX)
	at junit.framework.TestCase.runBare(TestCase.java:XXX)
	at junit.framework.TestResult$1.protect(TestResult.java:XXX)
	at junit.framework.TestResult.runProtected(TestResult.java:XXX)
	at junit.framework.TestResult.run(TestResult.java:XXX)
	at junit.framework.TestCase.run(TestCase.java:XXX)
	at junit.framework.TestSuite.runTest(TestSuite.java:XXX)
	at junit.framework.TestSuite.run(TestSuite.java:XXX)
FALLBACK - root - Message 6
java.lang.Exception: Just testing
	at org.apache.log4j.varia.ErrorHandlerTestCase.common(ErrorHandlerTestCase.java:XXX)
	at org.apache.log4j.varia.ErrorHandlerTestCase.test1(ErrorHandlerTestCase.java:XXX)
	at junit.framework.TestCase.runTest(TestCase.java:XXX)
	at junit.framework.TestCase.runBare(TestCase.java:XXX)
	at junit.framework.TestResult$1.protect(TestResult.java:XXX)
	at junit.framework.TestResult.runProtected(TestResult.java:XXX)
	at junit.framework.TestResult.run(TestResult.java:XXX)
	at junit.framework.TestCase.run(TestCase.java:XXX)
	at junit.framework.TestSuite.runTest(TestSuite.java:XXX)
	at junit.framework.TestSuite.run(TestSuite.java:XXX)
